\BOOKMARK [0][-]{chapter*.5}{Abstract}{}% 1
\BOOKMARK [0][-]{chapter*.6}{About the author}{}% 2
\BOOKMARK [0][-]{chapter.1}{Introduction}{}% 3
\BOOKMARK [0][-]{chapter.2}{Theoretical Foundations}{}% 4
\BOOKMARK [1][-]{section.2.1}{Multicore Systems}{chapter.2}% 5
\BOOKMARK [2][-]{subsection.2.1.1}{Thread pinning}{section.2.1}% 6
\BOOKMARK [1][-]{section.2.2}{The bus interface and multicore systems}{chapter.2}% 7
\BOOKMARK [1][-]{section.2.3}{Multiprocessor Systems}{chapter.2}% 8
\BOOKMARK [2][-]{subsection.2.3.1}{Numa systems}{section.2.3}% 9
\BOOKMARK [1][-]{section.2.4}{Computer performance measurement}{chapter.2}% 10
\BOOKMARK [2][-]{subsection.2.4.1}{Instruction sampling}{section.2.4}% 11
\BOOKMARK [2][-]{subsection.2.4.2}{Accessing the performance counters from code}{section.2.4}% 12
\BOOKMARK [2][-]{subsection.2.4.3}{Documentation of the performance measurement facilities: The Intel case}{section.2.4}% 13
\BOOKMARK [1][-]{section.2.5}{Related software}{chapter.2}% 14
\BOOKMARK [2][-]{subsection.2.5.1}{Libnuma}{section.2.5}% 15
\BOOKMARK [2][-]{subsection.2.5.2}{Autopin and Autopin+}{section.2.5}% 16
\BOOKMARK [2][-]{subsection.2.5.3}{Software for performance measurement}{section.2.5}% 17
\BOOKMARK [2][-]{subsection.2.5.4}{An introduction to perf}{section.2.5}% 18
\BOOKMARK [0][-]{chapter.3}{Solution design}{}% 19
\BOOKMARK [1][-]{section.3.1}{Overview of the SPM tool}{chapter.3}% 20
\BOOKMARK [1][-]{section.3.2}{Strategy and alternatives of development}{chapter.3}% 21
\BOOKMARK [2][-]{subsection.3.2.1}{Perf user tools}{section.3.2}% 22
\BOOKMARK [2][-]{subsection.3.2.2}{NumaTop}{section.3.2}% 23
\BOOKMARK [2][-]{subsection.3.2.3}{Evaluation}{section.3.2}% 24
\BOOKMARK [1][-]{section.3.3}{Communicating with perf's kernel side}{chapter.3}% 25
\BOOKMARK [2][-]{subsection.3.3.1}{Configuration}{section.3.3}% 26
\BOOKMARK [2][-]{subsection.3.3.2}{Start and stop of the sampling}{section.3.3}% 27
\BOOKMARK [2][-]{subsection.3.3.3}{Retrieval and the reading the samples}{section.3.3}% 28
\BOOKMARK [2][-]{subsection.3.3.4}{The numatop core}{section.3.3}% 29
\BOOKMARK [1][-]{section.3.4}{Important data structures}{chapter.3}% 30
\BOOKMARK [2][-]{subsection.3.4.1}{The perf\137event\137attr struct}{section.3.4}% 31
\BOOKMARK [2][-]{subsection.3.4.2}{A perf sample}{section.3.4}% 32
\BOOKMARK [1][-]{section.3.5}{Internals of the spm tool}{chapter.3}% 33
\BOOKMARK [2][-]{subsection.3.5.1}{Layout of the spm tool}{section.3.5}% 34
\BOOKMARK [2][-]{subsection.3.5.2}{Structure of the spm tool}{section.3.5}% 35
\BOOKMARK [2][-]{subsection.3.5.3}{Information collected by the SPM tool}{section.3.5}% 36
\BOOKMARK [2][-]{subsection.3.5.4}{Overview of the sample processing performed by SPM}{section.3.5}% 37
\BOOKMARK [2][-]{subsection.3.5.5}{Access to the SPM functionality}{section.3.5}% 38
\BOOKMARK [2][-]{subsection.3.5.6}{Configuration of the SPM settings}{section.3.5}% 39
\BOOKMARK [2][-]{subsection.3.5.7}{Page migration procedure}{section.3.5}% 40
\BOOKMARK [2][-]{subsection.3.5.8}{Integration with Autopin+}{section.3.5}% 41
\BOOKMARK [0][-]{chapter.4}{Benchmarking, environment setup and characterization of the Performance Measurement Unit}{}% 42
\BOOKMARK [1][-]{section.4.1}{Testing environment}{chapter.4}% 43
\BOOKMARK [1][-]{section.4.2}{Employed Benchmarks}{chapter.4}% 44
\BOOKMARK [2][-]{subsection.4.2.1}{Distgen}{section.4.2}% 45
\BOOKMARK [2][-]{subsection.4.2.2}{LAMA}{section.4.2}% 46
\BOOKMARK [1][-]{section.4.3}{Characterization of an Intel Sandy Brige Performance Measurement Unit}{chapter.4}% 47
\BOOKMARK [2][-]{subsection.4.3.1}{Latency weight distribution}{section.4.3}% 48
\BOOKMARK [2][-]{subsection.4.3.2}{Number of obtained samples}{section.4.3}% 49
\BOOKMARK [2][-]{subsection.4.3.3}{Frequency of page access}{section.4.3}% 50
\BOOKMARK [2][-]{subsection.4.3.4}{Completion time of the move pages call}{section.4.3}% 51
\BOOKMARK [0][-]{chapter.5}{Results and analysis}{}% 52
\BOOKMARK [1][-]{section.5.1}{SPM and distgen}{chapter.5}% 53
\BOOKMARK [2][-]{subsection.5.1.1}{SPM and distgen with two threads}{section.5.1}% 54
\BOOKMARK [2][-]{subsection.5.1.2}{SPM and distgen with all threads employed}{section.5.1}% 55
\BOOKMARK [0][-]{chapter.6}{Conclusions and possibilities of future work}{}% 56
\BOOKMARK [0][-]{appendix.A}{Code resources}{}% 57
\BOOKMARK [0][-]{chapter*.49}{List of Figures}{}% 58
\BOOKMARK [0][-]{chapter*.50}{List of Tables}{}% 59
\BOOKMARK [0][-]{chapter*.51}{Bibliography}{}% 60
